cl : 명령줄 warning D9035: 'Gm' 옵션은 더 이상 사용되지 않으므로 이후 릴리스에서 제거될 예정입니다.
  main.cpp
C:\Users\skill3\Desktop\Console-Shooting-Game-master\2018_06_12_02_State\console\Include.h(23,10): warning C4067: 전처리기 지시문 다음에 예기치 않은 토큰이 있습니다. 줄 바꿈 문자가 필요합니다.
C:\Users\skill3\Desktop\Console-Shooting-Game-master\2018_06_12_02_State\console\Include.h(24,10): warning C4067: 전처리기 지시문 다음에 예기치 않은 토큰이 있습니다. 줄 바꿈 문자가 필요합니다.
C:\Users\skill3\Desktop\Console-Shooting-Game-master\2018_06_12_02_State\console\Include.h(25,10): warning C4067: 전처리기 지시문 다음에 예기치 않은 토큰이 있습니다. 줄 바꿈 문자가 필요합니다.
C:\Users\skill3\Desktop\Console-Shooting-Game-master\2018_06_12_02_State\console\Include.h(26,10): warning C4067: 전처리기 지시문 다음에 예기치 않은 토큰이 있습니다. 줄 바꿈 문자가 필요합니다.
C:\Users\skill3\Desktop\Console-Shooting-Game-master\2018_06_12_02_State\console\main.cpp(89,12): warning C4244: '인수': 'time_t'에서 'unsigned int'(으)로 변환하면서 데이터가 손실될 수 있습니다.
C:\Users\skill3\Desktop\Console-Shooting-Game-master\2018_06_12_02_State\console\main.cpp(125,3): warning C4996: 'sprintf': This function or variable may be unsafe. Consider using sprintf_s instead. To disable deprecation, use _CRT_SECURE_NO_WARNINGS. See online help for details.
C:\Users\skill3\Desktop\Console-Shooting-Game-master\2018_06_12_02_State\console\main.cpp(134,4): warning C4996: 'sprintf': This function or variable may be unsafe. Consider using sprintf_s instead. To disable deprecation, use _CRT_SECURE_NO_WARNINGS. See online help for details.
  Monster.cpp
C:\Users\skill3\Desktop\Console-Shooting-Game-master\2018_06_12_02_State\console\Include.h(23,10): warning C4067: 전처리기 지시문 다음에 예기치 않은 토큰이 있습니다. 줄 바꿈 문자가 필요합니다.
C:\Users\skill3\Desktop\Console-Shooting-Game-master\2018_06_12_02_State\console\Include.h(24,10): warning C4067: 전처리기 지시문 다음에 예기치 않은 토큰이 있습니다. 줄 바꿈 문자가 필요합니다.
C:\Users\skill3\Desktop\Console-Shooting-Game-master\2018_06_12_02_State\console\Include.h(25,10): warning C4067: 전처리기 지시문 다음에 예기치 않은 토큰이 있습니다. 줄 바꿈 문자가 필요합니다.
C:\Users\skill3\Desktop\Console-Shooting-Game-master\2018_06_12_02_State\console\Include.h(26,10): warning C4067: 전처리기 지시문 다음에 예기치 않은 토큰이 있습니다. 줄 바꿈 문자가 필요합니다.
C:\Users\skill3\Desktop\Console-Shooting-Game-master\2018_06_12_02_State\console\Monster.cpp(35,115): warning C4244: '인수': 'DWORD'에서 'WORD'(으)로 변환하면서 데이터가 손실될 수 있습니다.
C:\Users\skill3\Desktop\Console-Shooting-Game-master\2018_06_12_02_State\console\Monster.cpp(35,91): warning C4244: '인수': 'DWORD'에서 'WORD'(으)로 변환하면서 데이터가 손실될 수 있습니다.
C:\Users\skill3\Desktop\Console-Shooting-Game-master\2018_06_12_02_State\console\Monster.cpp(35,50): warning C4244: '인수': 'float'에서 'int'(으)로 변환하면서 데이터가 손실될 수 있습니다.
C:\Users\skill3\Desktop\Console-Shooting-Game-master\2018_06_12_02_State\console\Monster.cpp(35,31): warning C4244: '인수': 'float'에서 'int'(으)로 변환하면서 데이터가 손실될 수 있습니다.
C:\Users\skill3\Desktop\Console-Shooting-Game-master\2018_06_12_02_State\console\Monster.cpp(60,25): warning C4244: '=': 'int'에서 'float'(으)로 변환하면서 데이터가 손실될 수 있습니다.
C:\Users\skill3\Desktop\Console-Shooting-Game-master\2018_06_12_02_State\console\Monster.cpp(92,53): warning C4244: '인수': 'float'에서 'int'(으)로 변환하면서 데이터가 손실될 수 있습니다.
C:\Users\skill3\Desktop\Console-Shooting-Game-master\2018_06_12_02_State\console\Monster.cpp(92,34): warning C4244: '인수': 'float'에서 'int'(으)로 변환하면서 데이터가 손실될 수 있습니다.
  Hero.cpp
C:\Users\skill3\Desktop\Console-Shooting-Game-master\2018_06_12_02_State\console\Include.h(23,10): warning C4067: 전처리기 지시문 다음에 예기치 않은 토큰이 있습니다. 줄 바꿈 문자가 필요합니다.
C:\Users\skill3\Desktop\Console-Shooting-Game-master\2018_06_12_02_State\console\Include.h(24,10): warning C4067: 전처리기 지시문 다음에 예기치 않은 토큰이 있습니다. 줄 바꿈 문자가 필요합니다.
C:\Users\skill3\Desktop\Console-Shooting-Game-master\2018_06_12_02_State\console\Include.h(25,10): warning C4067: 전처리기 지시문 다음에 예기치 않은 토큰이 있습니다. 줄 바꿈 문자가 필요합니다.
C:\Users\skill3\Desktop\Console-Shooting-Game-master\2018_06_12_02_State\console\Include.h(26,10): warning C4067: 전처리기 지시문 다음에 예기치 않은 토큰이 있습니다. 줄 바꿈 문자가 필요합니다.
C:\Users\skill3\Desktop\Console-Shooting-Game-master\2018_06_12_02_State\console\Hero.cpp(27,68): warning C4244: '인수': 'DWORD'에서 'WORD'(으)로 변환하면서 데이터가 손실될 수 있습니다.
C:\Users\skill3\Desktop\Console-Shooting-Game-master\2018_06_12_02_State\console\Hero.cpp(27,53): warning C4244: '인수': 'DWORD'에서 'WORD'(으)로 변환하면서 데이터가 손실될 수 있습니다.
  코드를 생성하고 있습니다...
  컴파일하고 있습니다...
  Effect.cpp
C:\Users\skill3\Desktop\Console-Shooting-Game-master\2018_06_12_02_State\console\Include.h(23,10): warning C4067: 전처리기 지시문 다음에 예기치 않은 토큰이 있습니다. 줄 바꿈 문자가 필요합니다.
C:\Users\skill3\Desktop\Console-Shooting-Game-master\2018_06_12_02_State\console\Include.h(24,10): warning C4067: 전처리기 지시문 다음에 예기치 않은 토큰이 있습니다. 줄 바꿈 문자가 필요합니다.
C:\Users\skill3\Desktop\Console-Shooting-Game-master\2018_06_12_02_State\console\Include.h(25,10): warning C4067: 전처리기 지시문 다음에 예기치 않은 토큰이 있습니다. 줄 바꿈 문자가 필요합니다.
C:\Users\skill3\Desktop\Console-Shooting-Game-master\2018_06_12_02_State\console\Include.h(26,10): warning C4067: 전처리기 지시문 다음에 예기치 않은 토큰이 있습니다. 줄 바꿈 문자가 필요합니다.
C:\Users\skill3\Desktop\Console-Shooting-Game-master\2018_06_12_02_State\console\Effect.cpp(35,80): warning C4244: '인수': 'DWORD'에서 'WORD'(으)로 변환하면서 데이터가 손실될 수 있습니다.
C:\Users\skill3\Desktop\Console-Shooting-Game-master\2018_06_12_02_State\console\Effect.cpp(35,57): warning C4244: '인수': 'DWORD'에서 'WORD'(으)로 변환하면서 데이터가 손실될 수 있습니다.
C:\Users\skill3\Desktop\Console-Shooting-Game-master\2018_06_12_02_State\console\Effect.cpp(48,55): warning C4018: '<': signed 또는 unsigned가 일치하지 않습니다.
  Bullet.cpp
C:\Users\skill3\Desktop\Console-Shooting-Game-master\2018_06_12_02_State\console\Include.h(23,10): warning C4067: 전처리기 지시문 다음에 예기치 않은 토큰이 있습니다. 줄 바꿈 문자가 필요합니다.
C:\Users\skill3\Desktop\Console-Shooting-Game-master\2018_06_12_02_State\console\Include.h(24,10): warning C4067: 전처리기 지시문 다음에 예기치 않은 토큰이 있습니다. 줄 바꿈 문자가 필요합니다.
C:\Users\skill3\Desktop\Console-Shooting-Game-master\2018_06_12_02_State\console\Include.h(25,10): warning C4067: 전처리기 지시문 다음에 예기치 않은 토큰이 있습니다. 줄 바꿈 문자가 필요합니다.
C:\Users\skill3\Desktop\Console-Shooting-Game-master\2018_06_12_02_State\console\Include.h(26,10): warning C4067: 전처리기 지시문 다음에 예기치 않은 토큰이 있습니다. 줄 바꿈 문자가 필요합니다.
C:\Users\skill3\Desktop\Console-Shooting-Game-master\2018_06_12_02_State\console\Bullet.cpp(28,110): warning C4244: '인수': 'DWORD'에서 'WORD'(으)로 변환하면서 데이터가 손실될 수 있습니다.
C:\Users\skill3\Desktop\Console-Shooting-Game-master\2018_06_12_02_State\console\Bullet.cpp(28,87): warning C4244: '인수': 'DWORD'에서 'WORD'(으)로 변환하면서 데이터가 손실될 수 있습니다.
  코드를 생성하고 있습니다...
  console.vcxproj -> C:\Users\skill3\Desktop\Console-Shooting-Game-master\2018_06_12_02_State\Debug\console.exe
