d:\슈팅게임\2018_06_14\슈팅게임\2018_06_12_02_state\console\release\vc140.pdb
d:\슈팅게임\2018_06_14\슈팅게임\2018_06_12_02_state\console\release\resultstate.obj
d:\슈팅게임\2018_06_14\슈팅게임\2018_06_12_02_state\console\release\monster.obj
d:\슈팅게임\2018_06_14\슈팅게임\2018_06_12_02_state\console\release\mng.obj
d:\슈팅게임\2018_06_14\슈팅게임\2018_06_12_02_state\console\release\menustate.obj
d:\슈팅게임\2018_06_14\슈팅게임\2018_06_12_02_state\console\release\main.obj
d:\슈팅게임\2018_06_14\슈팅게임\2018_06_12_02_state\console\release\logostate.obj
d:\슈팅게임\2018_06_14\슈팅게임\2018_06_12_02_state\console\release\item.obj
d:\슈팅게임\2018_06_14\슈팅게임\2018_06_12_02_state\console\release\heroskill.obj
d:\슈팅게임\2018_06_14\슈팅게임\2018_06_12_02_state\console\release\heropickstate.obj
d:\슈팅게임\2018_06_14\슈팅게임\2018_06_12_02_state\console\release\hero.obj
d:\슈팅게임\2018_06_14\슈팅게임\2018_06_12_02_state\console\release\gamestate.obj
d:\슈팅게임\2018_06_14\슈팅게임\2018_06_12_02_state\console\release\finishstate.obj
d:\슈팅게임\2018_06_14\슈팅게임\2018_06_12_02_state\console\release\effect.obj
d:\슈팅게임\2018_06_14\슈팅게임\2018_06_12_02_state\console\release\class.obj
d:\슈팅게임\2018_06_14\슈팅게임\2018_06_12_02_state\console\release\bullet.obj
d:\슈팅게임\2018_06_14\슈팅게임\2018_06_12_02_state\console\release\bossskill.obj
d:\슈팅게임\2018_06_14\슈팅게임\2018_06_12_02_state\console\release\boss.obj
d:\슈팅게임\2018_06_14\슈팅게임\2018_06_12_02_state\console\release\barrier.obj
d:\슈팅게임\2018_06_14\슈팅게임\2018_06_12_02_state\console\release\systimer.obj
d:\슈팅게임\2018_06_14\슈팅게임\2018_06_12_02_state\console\release\conwrap.obj
d:\슈팅게임\2018_06_14\슈팅게임\2018_06_12_02_state\console\release\unit.obj
d:\슈팅게임\2018_06_14\슈팅게임\2018_06_12_02_state\console\release\ui.obj
d:\슈팅게임\2018_06_14\슈팅게임\2018_06_12_02_state\console\release\terret.obj
d:\슈팅게임\2018_06_14\슈팅게임\2018_06_12_02_state\console\release\submonster.obj
d:\슈팅게임\2018_06_14\슈팅게임\2018_06_12_02_state\console\release\statectrl.obj
d:\슈팅게임\2018_06_14\슈팅게임\2018_06_12_02_state\console\release\state.obj
d:\슈팅게임\2018_06_14\슈팅게임\2018_06_12_02_state\console\release\skill.obj
d:\슈팅게임\2018_06_14\슈팅게임\2018_06_12_02_state\console\release\shopstate.obj
d:\슈팅게임\2018_06_14\슈팅게임\2018_06_12_02_state\release\console.exe
d:\슈팅게임\2018_06_14\슈팅게임\2018_06_12_02_state\release\console.ipdb
d:\슈팅게임\2018_06_14\슈팅게임\2018_06_12_02_state\release\console.iobj
d:\슈팅게임\2018_06_14\슈팅게임\2018_06_12_02_state\release\console.pdb
d:\슈팅게임\2018_06_14\슈팅게임\2018_06_12_02_state\console\release\console.tlog\cl.command.1.tlog
d:\슈팅게임\2018_06_14\슈팅게임\2018_06_12_02_state\console\release\console.tlog\cl.read.1.tlog
d:\슈팅게임\2018_06_14\슈팅게임\2018_06_12_02_state\console\release\console.tlog\cl.write.1.tlog
d:\슈팅게임\2018_06_14\슈팅게임\2018_06_12_02_state\console\release\console.tlog\link.command.1.tlog
d:\슈팅게임\2018_06_14\슈팅게임\2018_06_12_02_state\console\release\console.tlog\link.read.1.tlog
d:\슈팅게임\2018_06_14\슈팅게임\2018_06_12_02_state\console\release\console.tlog\link.write.1.tlog
