c:\users\leechangjun\desktop\2_hero_1_상속_씬구현\console\debug\vc140.pdb
c:\users\leechangjun\desktop\2_hero_1_상속_씬구현\console\debug\vc140.idb
c:\users\leechangjun\desktop\2_hero_1_상속_씬구현\console\debug\conwrap.obj
c:\users\leechangjun\desktop\2_hero_1_상속_씬구현\console\debug\systimer.obj
c:\users\leechangjun\desktop\2_hero_1_상속_씬구현\console\debug\bullet.obj
c:\users\leechangjun\desktop\2_hero_1_상속_씬구현\console\debug\effect.obj
c:\users\leechangjun\desktop\2_hero_1_상속_씬구현\console\debug\gamestate.obj
c:\users\leechangjun\desktop\2_hero_1_상속_씬구현\console\debug\logostate.obj
c:\users\leechangjun\desktop\2_hero_1_상속_씬구현\console\debug\menustate.obj
c:\users\leechangjun\desktop\2_hero_1_상속_씬구현\console\debug\monster.obj
c:\users\leechangjun\desktop\2_hero_1_상속_씬구현\console\debug\hero.obj
c:\users\leechangjun\desktop\2_hero_1_상속_씬구현\console\debug\main.obj
c:\users\leechangjun\desktop\2_hero_1_상속_씬구현\console\debug\mng.obj
c:\users\leechangjun\desktop\2_hero_1_상속_씬구현\console\debug\resultstate.obj
c:\users\leechangjun\desktop\2_hero_1_상속_씬구현\console\debug\state.obj
c:\users\leechangjun\desktop\2_hero_1_상속_씬구현\console\debug\statectrl.obj
c:\users\leechangjun\desktop\2_hero_1_상속_씬구현\console\debug\unit.obj
c:\users\leechangjun\desktop\2_hero_1_상속_씬구현\debug\console.ilk
c:\users\leechangjun\desktop\2_hero_1_상속_씬구현\debug\console.exe
c:\users\leechangjun\desktop\2_hero_1_상속_씬구현\debug\console.pdb
c:\users\leechangjun\desktop\야간프밍\2_hero_1_상속_씬구현_01\console\debug\bullet.obj
c:\users\leechangjun\desktop\야간프밍\2_hero_1_상속_씬구현_01\console\debug\conwrap.obj
c:\users\leechangjun\desktop\야간프밍\2_hero_1_상속_씬구현_01\console\debug\effect.obj
c:\users\leechangjun\desktop\야간프밍\2_hero_1_상속_씬구현_01\console\debug\gamestate.obj
c:\users\leechangjun\desktop\야간프밍\2_hero_1_상속_씬구현_01\console\debug\hero.obj
c:\users\leechangjun\desktop\야간프밍\2_hero_1_상속_씬구현_01\console\debug\logostate.obj
c:\users\leechangjun\desktop\야간프밍\2_hero_1_상속_씬구현_01\console\debug\main.obj
c:\users\leechangjun\desktop\야간프밍\2_hero_1_상속_씬구현_01\console\debug\menustate.obj
c:\users\leechangjun\desktop\야간프밍\2_hero_1_상속_씬구현_01\console\debug\mng.obj
c:\users\leechangjun\desktop\야간프밍\2_hero_1_상속_씬구현_01\console\debug\monster.obj
c:\users\leechangjun\desktop\야간프밍\2_hero_1_상속_씬구현_01\console\debug\resultstate.obj
c:\users\leechangjun\desktop\야간프밍\2_hero_1_상속_씬구현_01\console\debug\state.obj
c:\users\leechangjun\desktop\야간프밍\2_hero_1_상속_씬구현_01\console\debug\statectrl.obj
c:\users\leechangjun\desktop\야간프밍\2_hero_1_상속_씬구현_01\console\debug\systimer.obj
c:\users\leechangjun\desktop\야간프밍\2_hero_1_상속_씬구현_01\console\debug\unit.obj
c:\users\leechangjun\desktop\야간프밍\2_hero_1_상속_씬구현_01\console\debug\vc140.idb
c:\users\leechangjun\desktop\야간프밍\2_hero_1_상속_씬구현_01\console\debug\vc140.pdb
c:\users\leechangjun\desktop\야간프밍\2_hero_1_상속_씬구현_01\debug\console.pdb
c:\users\leechangjun\desktop\야간프밍\2_hero_1_상속_씬구현_01\debug\console.exe
c:\users\leechangjun\desktop\야간프밍\2_hero_1_상속_씬구현_01\debug\console.ilk
c:\users\leechangjun\desktop\야간프밍\2_hero_1_상속_씬구현_01\console\debug\console.tlog\cl.command.1.tlog
c:\users\leechangjun\desktop\야간프밍\2_hero_1_상속_씬구현_01\console\debug\console.tlog\cl.read.1.tlog
c:\users\leechangjun\desktop\야간프밍\2_hero_1_상속_씬구현_01\console\debug\console.tlog\cl.write.1.tlog
c:\users\leechangjun\desktop\야간프밍\2_hero_1_상속_씬구현_01\console\debug\console.tlog\link.command.1.tlog
c:\users\leechangjun\desktop\야간프밍\2_hero_1_상속_씬구현_01\console\debug\console.tlog\link.read.1.tlog
c:\users\leechangjun\desktop\야간프밍\2_hero_1_상속_씬구현_01\console\debug\console.tlog\link.write.1.tlog
